Build started 9/6/2015 6:12:56 PM.
     1>Project "D:\Users\Andy\Desktop\cpp projects\flappybird\flappybird\flappybird.vcxproj" on node 2 (Build target(s)).
     1>ClCompile:
         D:\Program Files (x86)\VC\bin\CL.exe /c /I"D:\Program Files (x86)\SFML\SFML-2.3.1\include" /Zi /nologo /W3 /WX- /sdl /O2 /Oi /Oy- /GL /D SFML_STATIC /D WIN32 /D NDEBUG /D _CONSOLE /D _LIB /D _UNICODE /D UNICODE /Gm- /EHsc /MD /GS /Gy /fp:precise /Zc:wchar_t /Zc:forScope /Fo"Release\\" /Fd"Release\vc120.pdb" /Gd /TP /analyze- /errorReport:prompt main.cpp
         main.cpp
     1>main.cpp(83): warning C4018: '>' : signed/unsigned mismatch
       Link:
         D:\Program Files (x86)\VC\bin\link.exe /ERRORREPORT:PROMPT /OUT:"D:\Users\Andy\Desktop\cpp projects\flappybird\Release\flappybird.exe" /INCREMENTAL:NO /NOLOGO /LIBPATH:"D:\Program Files (x86)\SFML\SFML-2.3.1\lib" kernel32.lib user32.lib gdi32.lib winspool.lib comdlg32.lib advapi32.lib shell32.lib ole32.lib oleaut32.lib uuid.lib odbc32.lib odbccp32.lib "sfml-graphics-s.lib" "sfml-window-s.lib" "sfml-system-s.lib" opengl32.lib freetype.lib jpeg.lib winmm.lib gdi32.lib "sfml-main.lib" "sfml-audio-s.lib" openal32.lib flac.lib vorbisenc.lib vorbisfile.lib vorbis.lib ogg.lib kernel32.lib user32.lib gdi32.lib winspool.lib comdlg32.lib advapi32.lib shell32.lib ole32.lib oleaut32.lib uuid.lib odbc32.lib odbccp32.lib /MANIFEST /MANIFESTUAC:"level='asInvoker' uiAccess='false'" /manifest:embed /DEBUG /PDB:"D:\Users\Andy\Desktop\cpp projects\flappybird\Release\flappybird.pdb" /SUBSYSTEM:CONSOLE /OPT:REF /OPT:ICF /LTCG /TLBID:1 /DYNAMICBASE /NXCOMPAT /IMPLIB:"D:\Users\Andy\Desktop\cpp projects\flappybird\Release\flappybird.lib" /MACHINE:X86 /SAFESEH Release\Background.obj
         Release\Bird.obj
         Release\Gameover.obj
         Release\main.obj
         Release\Menu.obj
         Release\Pipe.obj
         Release\Score.obj
         Generating code
         Finished generating code
         flappybird.vcxproj -> D:\Users\Andy\Desktop\cpp projects\flappybird\Release\flappybird.exe
     1>Done Building Project "D:\Users\Andy\Desktop\cpp projects\flappybird\flappybird\flappybird.vcxproj" (Build target(s)).

Build succeeded.

Time Elapsed 00:00:00.89
